# JRE version: 6.0_36-b36
# Java VM: OpenJDK 64-Bit Server VM (23.25-b01 mixed mode linux-amd64 compressed oops)
Heap
 PSYoungGen      total 94848K, used 23070K [0x00000000f2200000, 0x00000000f9820000, 0x0000000100000000)
  eden space 91264K, 21% used [0x00000000f2200000,0x00000000f3509868,0x00000000f7b20000)
  from space 3584K, 99% used [0x00000000f8440000,0x00000000f87be180,0x00000000f87c0000)
  to   space 11072K, 0% used [0x00000000f8d50000,0x00000000f8d50000,0x00000000f9820000)
 ParOldGen       total 55808K, used 25200K [0x00000000d6600000, 0x00000000d9c80000, 0x00000000f2200000)
  object space 55808K, 45% used [0x00000000d6600000,0x00000000d7e9c240,0x00000000d9c80000)
 PSPermGen       total 86464K, used 42280K [0x00000000cc000000, 0x00000000d1470000, 0x00000000d6600000)
  object space 86464K, 48% used [0x00000000cc000000,0x00000000ce94a3b8,0x00000000d1470000)
GC Heap History (10 events):
Event: 6987.229 GC heap before
{Heap before GC invocations=13 (full 1):
 PSYoungGen      total 88512K, used 88510K [0x00000000f2200000, 0x00000000fa3b0000, 0x0000000100000000)
  eden space 86976K, 100% used [0x00000000f2200000,0x00000000f76f0000,0x00000000f76f0000)
  from space 1536K, 99% used [0x00000000f9300000,0x00000000f947f968,0x00000000f9480000)
  to   space 9472K, 0% used [0x00000000f9a70000,0x00000000f9a70000,0x00000000fa3b0000)
 ParOldGen       total 39040K, used 25115K [0x00000000d6600000, 0x00000000d8c20000, 0x00000000f2200000)
  object space 39040K, 64% used [0x00000000d6600000,0x00000000d7e86e60,0x00000000d8c20000)
 PSPermGen       total 73664K, used 41545K [0x00000000cc000000, 0x00000000d07f0000, 0x00000000d6600000)
  object space 73664K, 56% used [0x00000000cc000000,0x00000000ce8926d0,0x00000000d07f0000)
Event: 6987.262 GC heap after
Heap after GC invocations=13 (full 1):
 PSYoungGen      total 91904K, used 8580K [0x00000000f2200000, 0x00000000fa2e0000, 0x0000000100000000)
  eden space 83264K, 0% used [0x00000000f2200000,0x00000000f2200000,0x00000000f7350000)
  from space 8640K, 99% used [0x00000000f9a70000,0x00000000fa2d1178,0x00000000fa2e0000)
  to   space 10432K, 0% used [0x00000000f8e80000,0x00000000f8e80000,0x00000000f98b0000)
 ParOldGen       total 39040K, used 29446K [0x00000000d6600000, 0x00000000d8c20000, 0x00000000f2200000)
  object space 39040K, 75% used [0x00000000d6600000,0x00000000d82c1b30,0x00000000d8c20000)
 PSPermGen       total 73664K, used 41545K [0x00000000cc000000, 0x00000000d07f0000, 0x00000000d6600000)
  object space 73664K, 56% used [0x00000000cc000000,0x00000000ce8926d0,0x00000000d07f0000)
}
Event: 7202.526 GC heap before
{Heap before GC invocations=14 (full 1):
 PSYoungGen      total 91904K, used 91677K [0x00000000f2200000, 0x00000000fa2e0000, 0x0000000100000000)
  eden space 83264K, 99% used [0x00000000f2200000,0x00000000f7326470,0x00000000f7350000)
  from space 8640K, 99% used [0x00000000f9a70000,0x00000000fa2d1178,0x00000000fa2e0000)
  to   space 10432K, 0% used [0x00000000f8e80000,0x00000000f8e80000,0x00000000f98b0000)
 ParOldGen       total 39040K, used 29446K [0x00000000d6600000, 0x00000000d8c20000, 0x00000000f2200000)
  object space 39040K, 75% used [0x00000000d6600000,0x00000000d82c1b30,0x00000000d8c20000)
 PSPermGen       total 73664K, used 41847K [0x00000000cc000000, 0x00000000d07f0000, 0x00000000d6600000)
  object space 73664K, 56% used [0x00000000cc000000,0x00000000ce8ddf40,0x00000000d07f0000)
Event: 7202.562 GC heap after
Heap after GC invocations=14 (full 1):
 PSYoungGen      total 89472K, used 9730K [0x00000000f2200000, 0x00000000f9a80000, 0x0000000100000000)
  eden space 79680K, 0% used [0x00000000f2200000,0x00000000f2200000,0x00000000f6fd0000)
  from space 9792K, 99% used [0x00000000f8e80000,0x00000000f9800900,0x00000000f9810000)
  to   space 2496K, 0% used [0x00000000f9810000,0x00000000f9810000,0x00000000f9a80000)
 ParOldGen       total 39040K, used 33788K [0x00000000d6600000, 0x00000000d8c20000, 0x00000000f2200000)
  object space 39040K, 86% used [0x00000000d6600000,0x00000000d86ff0d0,0x00000000d8c20000)
 PSPermGen       total 73664K, used 41847K [0x00000000cc000000, 0x00000000d07f0000, 0x00000000d6600000)
  object space 73664K, 56% used [0x00000000cc000000,0x00000000ce8ddf40,0x00000000d07f0000)
}
Event: 7202.562 GC heap before
{Heap before GC invocations=15 (full 2):
 PSYoungGen      total 89472K, used 9730K [0x00000000f2200000, 0x00000000f9a80000, 0x0000000100000000)
  eden space 79680K, 0% used [0x00000000f2200000,0x00000000f2200000,0x00000000f6fd0000)
  from space 9792K, 99% used [0x00000000f8e80000,0x00000000f9800900,0x00000000f9810000)
  to   space 2496K, 0% used [0x00000000f9810000,0x00000000f9810000,0x00000000f9a80000)
 ParOldGen       total 39040K, used 33788K [0x00000000d6600000, 0x00000000d8c20000, 0x00000000f2200000)
  object space 39040K, 86% used [0x00000000d6600000,0x00000000d86ff0d0,0x00000000d8c20000)
 PSPermGen       total 73664K, used 41847K [0x00000000cc000000, 0x00000000d07f0000, 0x00000000d6600000)
  object space 73664K, 56% used [0x00000000cc000000,0x00000000ce8ddf40,0x00000000d07f0000)
Event: 7202.924 GC heap after
Heap after GC invocations=15 (full 2):
 PSYoungGen      total 89472K, used 0K [0x00000000f2200000, 0x00000000f9a80000, 0x0000000100000000)
  eden space 79680K, 0% used [0x00000000f2200000,0x00000000f2200000,0x00000000f6fd0000)
  from space 9792K, 0% used [0x00000000f8e80000,0x00000000f8e80000,0x00000000f9810000)
  to   space 2496K, 0% used [0x00000000f9810000,0x00000000f9810000,0x00000000f9a80000)
 ParOldGen       total 55808K, used 24328K [0x00000000d6600000, 0x00000000d9c80000, 0x00000000f2200000)
  object space 55808K, 43% used [0x00000000d6600000,0x00000000d7dc2240,0x00000000d9c80000)
 PSPermGen       total 86464K, used 41779K [0x00000000cc000000, 0x00000000d1470000, 0x00000000d6600000)
  object space 86464K, 48% used [0x00000000cc000000,0x00000000ce8ccf28,0x00000000d1470000)
}
Event: 7345.159 GC heap before
{Heap before GC invocations=16 (full 2):
 PSYoungGen      total 89472K, used 79468K [0x00000000f2200000, 0x00000000f9a80000, 0x0000000100000000)
  eden space 79680K, 99% used [0x00000000f2200000,0x00000000f6f9b170,0x00000000f6fd0000)
  from space 9792K, 0% used [0x00000000f8e80000,0x00000000f8e80000,0x00000000f9810000)
  to   space 2496K, 0% used [0x00000000f9810000,0x00000000f9810000,0x00000000f9a80000)
 ParOldGen       total 55808K, used 24328K [0x00000000d6600000, 0x00000000d9c80000, 0x00000000f2200000)
  object space 55808K, 43% used [0x00000000d6600000,0x00000000d7dc2240,0x00000000d9c80000)
 PSPermGen       total 86464K, used 42183K [0x00000000cc000000, 0x00000000d1470000, 0x00000000d6600000)
  object space 86464K, 48% used [0x00000000cc000000,0x00000000ce931f38,0x00000000d1470000)
Event: 7345.175 GC heap after
Heap after GC invocations=16 (full 2):
 PSYoungGen      total 88448K, used 2476K [0x00000000f2200000, 0x00000000f9a80000, 0x0000000100000000)
  eden space 85952K, 0% used [0x00000000f2200000,0x00000000f2200000,0x00000000f75f0000)
  from space 2496K, 99% used [0x00000000f9810000,0x00000000f9a7b150,0x00000000f9a80000)
  to   space 11392K, 0% used [0x00000000f8440000,0x00000000f8440000,0x00000000f8f60000)
 ParOldGen       total 55808K, used 25200K [0x00000000d6600000, 0x00000000d9c80000, 0x00000000f2200000)
  object space 55808K, 45% used [0x00000000d6600000,0x00000000d7e9c240,0x00000000d9c80000)
 PSPermGen       total 86464K, used 42183K [0x00000000cc000000, 0x00000000d1470000, 0x00000000d6600000)
  object space 86464K, 48% used [0x00000000cc000000,0x00000000ce931f38,0x00000000d1470000)
}
Event: 7491.137 GC heap before
{Heap before GC invocations=17 (full 2):
 PSYoungGen      total 88448K, used 88428K [0x00000000f2200000, 0x00000000f9a80000, 0x0000000100000000)
  eden space 85952K, 100% used [0x00000000f2200000,0x00000000f75f0000,0x00000000f75f0000)
  from space 2496K, 99% used [0x00000000f9810000,0x00000000f9a7b150,0x00000000f9a80000)
  to   space 11392K, 0% used [0x00000000f8440000,0x00000000f8440000,0x00000000f8f60000)
 ParOldGen       total 55808K, used 25200K [0x00000000d6600000, 0x00000000d9c80000, 0x00000000f2200000)
  object space 55808K, 45% used [0x00000000d6600000,0x00000000d7e9c240,0x00000000d9c80000)
 PSPermGen       total 86464K, used 42267K [0x00000000cc000000, 0x00000000d1470000, 0x00000000d6600000)
  object space 86464K, 48% used [0x00000000cc000000,0x00000000ce946c88,0x00000000d1470000)
Event: 7491.152 GC heap after
Heap after GC invocations=17 (full 2):
 PSYoungGen      total 94848K, used 3576K [0x00000000f2200000, 0x00000000f9820000, 0x0000000100000000)
  eden space 91264K, 0% used [0x00000000f2200000,0x00000000f2200000,0x00000000f7b20000)
  from space 3584K, 99% used [0x00000000f8440000,0x00000000f87be180,0x00000000f87c0000)
  to   space 11072K, 0% used [0x00000000f8d50000,0x00000000f8d50000,0x00000000f9820000)
 ParOldGen       total 55808K, used 25200K [0x00000000d6600000, 0x00000000d9c80000, 0x00000000f2200000)
  object space 55808K, 45% used [0x00000000d6600000,0x00000000d7e9c240,0x00000000d9c80000)
 PSPermGen       total 86464K, used 42267K [0x00000000cc000000, 0x00000000d1470000, 0x00000000d6600000)
  object space 86464K, 48% used [0x00000000cc000000,0x00000000ce946c88,0x00000000d1470000)
}

