# JRE version: 6.0_36-b36
# Java VM: OpenJDK 64-Bit Server VM (23.25-b01 mixed mode linux-amd64 compressed oops)
Heap
 PSYoungGen      total 124288K, used 49830K [0x00000000f2200000, 0x00000000fb190000, 0x0000000100000000)
  eden space 110592K, 35% used [0x00000000f2200000,0x00000000f47f8028,0x00000000f8e00000)
  from space 13696K, 79% used [0x00000000f8e00000,0x00000000f98b1948,0x00000000f9b60000)
  to   space 14528K, 0% used [0x00000000fa360000,0x00000000fa360000,0x00000000fb190000)
 ParOldGen       total 59840K, used 27643K [0x00000000d6600000, 0x00000000da070000, 0x00000000f2200000)
  object space 59840K, 46% used [0x00000000d6600000,0x00000000d80fec40,0x00000000da070000)
 PSPermGen       total 86400K, used 42272K [0x00000000cc000000, 0x00000000d1460000, 0x00000000d6600000)
  object space 86400K, 48% used [0x00000000cc000000,0x00000000ce948258,0x00000000d1460000)
GC Heap History (10 events):
Event: 85.784 GC heap before
{Heap before GC invocations=9 (full 1):
 PSYoungGen      total 69952K, used 64512K [0x00000000f2200000, 0x00000000fb160000, 0x0000000100000000)
  eden space 64512K, 100% used [0x00000000f2200000,0x00000000f6100000,0x00000000f6100000)
  from space 5440K, 0% used [0x00000000f6100000,0x00000000f6100000,0x00000000f6650000)
  to   space 8896K, 0% used [0x00000000fa8b0000,0x00000000fa8b0000,0x00000000fb160000)
 ParOldGen       total 39232K, used 20294K [0x00000000d6600000, 0x00000000d8c50000, 0x00000000f2200000)
  object space 39232K, 51% used [0x00000000d6600000,0x00000000d79d1bd0,0x00000000d8c50000)
 PSPermGen       total 73600K, used 40698K [0x00000000cc000000, 0x00000000d07e0000, 0x00000000d6600000)
  object space 73600K, 55% used [0x00000000cc000000,0x00000000ce7beb00,0x00000000d07e0000)
Event: 85.817 GC heap after
Heap after GC invocations=9 (full 1):
 PSYoungGen      total 90944K, used 8753K [0x00000000f2200000, 0x00000000fb140000, 0x0000000100000000)
  eden space 82176K, 0% used [0x00000000f2200000,0x00000000f2200000,0x00000000f7240000)
  from space 8768K, 99% used [0x00000000fa8b0000,0x00000000fb13c4c0,0x00000000fb140000)
  to   space 10048K, 0% used [0x00000000f9da0000,0x00000000f9da0000,0x00000000fa770000)
 ParOldGen       total 39232K, used 20294K [0x00000000d6600000, 0x00000000d8c50000, 0x00000000f2200000)
  object space 39232K, 51% used [0x00000000d6600000,0x00000000d79d1bd0,0x00000000d8c50000)
 PSPermGen       total 73600K, used 40698K [0x00000000cc000000, 0x00000000d07e0000, 0x00000000d6600000)
  object space 73600K, 55% used [0x00000000cc000000,0x00000000ce7beb00,0x00000000d07e0000)
}
Event: 207.316 GC heap before
{Heap before GC invocations=10 (full 1):
 PSYoungGen      total 90944K, used 90929K [0x00000000f2200000, 0x00000000fb140000, 0x0000000100000000)
  eden space 82176K, 100% used [0x00000000f2200000,0x00000000f7240000,0x00000000f7240000)
  from space 8768K, 99% used [0x00000000fa8b0000,0x00000000fb13c4c0,0x00000000fb140000)
  to   space 10048K, 0% used [0x00000000f9da0000,0x00000000f9da0000,0x00000000fa770000)
 ParOldGen       total 39232K, used 20294K [0x00000000d6600000, 0x00000000d8c50000, 0x00000000f2200000)
  object space 39232K, 51% used [0x00000000d6600000,0x00000000d79d1bd0,0x00000000d8c50000)
 PSPermGen       total 73600K, used 41297K [0x00000000cc000000, 0x00000000d07e0000, 0x00000000d6600000)
  object space 73600K, 56% used [0x00000000cc000000,0x00000000ce854500,0x00000000d07e0000)
Event: 207.349 GC heap after
Heap after GC invocations=10 (full 1):
 PSYoungGen      total 103168K, used 10010K [0x00000000f2200000, 0x00000000fa8c0000, 0x0000000100000000)
  eden space 93120K, 0% used [0x00000000f2200000,0x00000000f2200000,0x00000000f7cf0000)
  from space 10048K, 99% used [0x00000000f9da0000,0x00000000fa766b40,0x00000000fa770000)
  to   space 1344K, 0% used [0x00000000fa770000,0x00000000fa770000,0x00000000fa8c0000)
 ParOldGen       total 39232K, used 20294K [0x00000000d6600000, 0x00000000d8c50000, 0x00000000f2200000)
  object space 39232K, 51% used [0x00000000d6600000,0x00000000d79d1bd0,0x00000000d8c50000)
 PSPermGen       total 73600K, used 41297K [0x00000000cc000000, 0x00000000d07e0000, 0x00000000d6600000)
  object space 73600K, 56% used [0x00000000cc000000,0x00000000ce854500,0x00000000d07e0000)
}
Event: 348.510 GC heap before
{Heap before GC invocations=11 (full 1):
 PSYoungGen      total 103168K, used 103130K [0x00000000f2200000, 0x00000000fa8c0000, 0x0000000100000000)
  eden space 93120K, 100% used [0x00000000f2200000,0x00000000f7cf0000,0x00000000f7cf0000)
  from space 10048K, 99% used [0x00000000f9da0000,0x00000000fa766b40,0x00000000fa770000)
  to   space 1344K, 0% used [0x00000000fa770000,0x00000000fa770000,0x00000000fa8c0000)
 ParOldGen       total 39232K, used 20294K [0x00000000d6600000, 0x00000000d8c50000, 0x00000000f2200000)
  object space 39232K, 51% used [0x00000000d6600000,0x00000000d79d1bd0,0x00000000d8c50000)
 PSPermGen       total 73600K, used 41724K [0x00000000cc000000, 0x00000000d07e0000, 0x00000000d6600000)
  object space 73600K, 56% used [0x00000000cc000000,0x00000000ce8bf2f0,0x00000000d07e0000)
Event: 348.559 GC heap after
Heap after GC invocations=11 (full 1):
 PSYoungGen      total 104384K, used 1322K [0x00000000f2200000, 0x00000000fa8c0000, 0x0000000100000000)
  eden space 103040K, 0% used [0x00000000f2200000,0x00000000f2200000,0x00000000f86a0000)
  from space 1344K, 98% used [0x00000000fa770000,0x00000000fa8ba9a0,0x00000000fa8c0000)
  to   space 13696K, 0% used [0x00000000f8e00000,0x00000000f8e00000,0x00000000f9b60000)
 ParOldGen       total 39232K, used 32670K [0x00000000d6600000, 0x00000000d8c50000, 0x00000000f2200000)
  object space 39232K, 83% used [0x00000000d6600000,0x00000000d85e7910,0x00000000d8c50000)
 PSPermGen       total 73600K, used 41724K [0x00000000cc000000, 0x00000000d07e0000, 0x00000000d6600000)
  object space 73600K, 56% used [0x00000000cc000000,0x00000000ce8bf2f0,0x00000000d07e0000)
}
Event: 348.559 GC heap before
{Heap before GC invocations=12 (full 2):
 PSYoungGen      total 104384K, used 1322K [0x00000000f2200000, 0x00000000fa8c0000, 0x0000000100000000)
  eden space 103040K, 0% used [0x00000000f2200000,0x00000000f2200000,0x00000000f86a0000)
  from space 1344K, 98% used [0x00000000fa770000,0x00000000fa8ba9a0,0x00000000fa8c0000)
  to   space 13696K, 0% used [0x00000000f8e00000,0x00000000f8e00000,0x00000000f9b60000)
 ParOldGen       total 39232K, used 32670K [0x00000000d6600000, 0x00000000d8c50000, 0x00000000f2200000)
  object space 39232K, 83% used [0x00000000d6600000,0x00000000d85e7910,0x00000000d8c50000)
 PSPermGen       total 73600K, used 41724K [0x00000000cc000000, 0x00000000d07e0000, 0x00000000d6600000)
  object space 73600K, 56% used [0x00000000cc000000,0x00000000ce8bf2f0,0x00000000d07e0000)
Event: 348.914 GC heap after
Heap after GC invocations=12 (full 2):
 PSYoungGen      total 104384K, used 0K [0x00000000f2200000, 0x00000000fa8c0000, 0x0000000100000000)
  eden space 103040K, 0% used [0x00000000f2200000,0x00000000f2200000,0x00000000f86a0000)
  from space 1344K, 0% used [0x00000000fa770000,0x00000000fa770000,0x00000000fa8c0000)
  to   space 13696K, 0% used [0x00000000f8e00000,0x00000000f8e00000,0x00000000f9b60000)
 ParOldGen       total 59840K, used 27643K [0x00000000d6600000, 0x00000000da070000, 0x00000000f2200000)
  object space 59840K, 46% used [0x00000000d6600000,0x00000000d80fec40,0x00000000da070000)
 PSPermGen       total 86400K, used 41714K [0x00000000cc000000, 0x00000000d1460000, 0x00000000d6600000)
  object space 86400K, 48% used [0x00000000cc000000,0x00000000ce8bcab8,0x00000000d1460000)
}
Event: 449.888 GC heap before
{Heap before GC invocations=13 (full 2):
 PSYoungGen      total 104384K, used 103040K [0x00000000f2200000, 0x00000000fa8c0000, 0x0000000100000000)
  eden space 103040K, 100% used [0x00000000f2200000,0x00000000f86a0000,0x00000000f86a0000)
  from space 1344K, 0% used [0x00000000fa770000,0x00000000fa770000,0x00000000fa8c0000)
  to   space 13696K, 0% used [0x00000000f8e00000,0x00000000f8e00000,0x00000000f9b60000)
 ParOldGen       total 59840K, used 27643K [0x00000000d6600000, 0x00000000da070000, 0x00000000f2200000)
  object space 59840K, 46% used [0x00000000d6600000,0x00000000d80fec40,0x00000000da070000)
 PSPermGen       total 86400K, used 42205K [0x00000000cc000000, 0x00000000d1460000, 0x00000000d6600000)
  object space 86400K, 48% used [0x00000000cc000000,0x00000000ce937588,0x00000000d1460000)
Event: 449.913 GC heap after
Heap after GC invocations=13 (full 2):
 PSYoungGen      total 124288K, used 10950K [0x00000000f2200000, 0x00000000fb190000, 0x0000000100000000)
  eden space 110592K, 0% used [0x00000000f2200000,0x00000000f2200000,0x00000000f8e00000)
  from space 13696K, 79% used [0x00000000f8e00000,0x00000000f98b1948,0x00000000f9b60000)
  to   space 14528K, 0% used [0x00000000fa360000,0x00000000fa360000,0x00000000fb190000)
 ParOldGen       total 59840K, used 27643K [0x00000000d6600000, 0x00000000da070000, 0x00000000f2200000)
  object space 59840K, 46% used [0x00000000d6600000,0x00000000d80fec40,0x00000000da070000)
 PSPermGen       total 86400K, used 42205K [0x00000000cc000000, 0x00000000d1460000, 0x00000000d6600000)
  object space 86400K, 48% used [0x00000000cc000000,0x00000000ce937588,0x00000000d1460000)
}

