# JRE version: 6.0_36-b36
# Java VM: OpenJDK 64-Bit Server VM (23.25-b01 mixed mode linux-amd64 compressed oops)
Heap
 PSYoungGen      total 122688K, used 122229K [0x00000000f2200000, 0x00000000faf20000, 0x0000000100000000)
  eden space 112448K, 99% used [0x00000000f2200000,0x00000000f8f5e548,0x00000000f8fd0000)
  from space 10240K, 99% used [0x00000000fa520000,0x00000000faf1ef30,0x00000000faf20000)
  to   space 12160K, 0% used [0x00000000f9760000,0x00000000f9760000,0x00000000fa340000)
 ParOldGen       total 38784K, used 22059K [0x00000000d6600000, 0x00000000d8be0000, 0x00000000f2200000)
  object space 38784K, 56% used [0x00000000d6600000,0x00000000d7b8ae00,0x00000000d8be0000)
 PSPermGen       total 73280K, used 44469K [0x00000000cc000000, 0x00000000d0790000, 0x00000000d6600000)
  object space 73280K, 60% used [0x00000000cc000000,0x00000000ceb6d6a8,0x00000000d0790000)
GC Heap History (10 events):
Event: 81.567 GC heap before
{Heap before GC invocations=9 (full 1):
 PSYoungGen      total 69888K, used 63504K [0x00000000f2200000, 0x00000000fb160000, 0x0000000100000000)
  eden space 64512K, 98% used [0x00000000f2200000,0x00000000f6004250,0x00000000f6100000)
  from space 5376K, 0% used [0x00000000f6100000,0x00000000f6100000,0x00000000f6640000)
  to   space 8896K, 0% used [0x00000000fa8b0000,0x00000000fa8b0000,0x00000000fb160000)
 ParOldGen       total 38784K, used 20314K [0x00000000d6600000, 0x00000000d8be0000, 0x00000000f2200000)
  object space 38784K, 52% used [0x00000000d6600000,0x00000000d79d6820,0x00000000d8be0000)
 PSPermGen       total 73280K, used 40797K [0x00000000cc000000, 0x00000000d0790000, 0x00000000d6600000)
  object space 73280K, 55% used [0x00000000cc000000,0x00000000ce7d7700,0x00000000d0790000)
Event: 81.593 GC heap after
Heap after GC invocations=9 (full 1):
 PSYoungGen      total 88896K, used 3242K [0x00000000f2200000, 0x00000000fabe0000, 0x0000000100000000)
  eden space 85632K, 0% used [0x00000000f2200000,0x00000000f2200000,0x00000000f75a0000)
  from space 3264K, 99% used [0x00000000fa8b0000,0x00000000fabdaa08,0x00000000fabe0000)
  to   space 8768K, 0% used [0x00000000f9ac0000,0x00000000f9ac0000,0x00000000fa350000)
 ParOldGen       total 38784K, used 20322K [0x00000000d6600000, 0x00000000d8be0000, 0x00000000f2200000)
  object space 38784K, 52% used [0x00000000d6600000,0x00000000d79d8820,0x00000000d8be0000)
 PSPermGen       total 73280K, used 40797K [0x00000000cc000000, 0x00000000d0790000, 0x00000000d6600000)
  object space 73280K, 55% used [0x00000000cc000000,0x00000000ce7d7700,0x00000000d0790000)
}
Event: 190.233 GC heap before
{Heap before GC invocations=10 (full 1):
 PSYoungGen      total 88896K, used 88874K [0x00000000f2200000, 0x00000000fabe0000, 0x0000000100000000)
  eden space 85632K, 100% used [0x00000000f2200000,0x00000000f75a0000,0x00000000f75a0000)
  from space 3264K, 99% used [0x00000000fa8b0000,0x00000000fabdaa08,0x00000000fabe0000)
  to   space 8768K, 0% used [0x00000000f9ac0000,0x00000000f9ac0000,0x00000000fa350000)
 ParOldGen       total 38784K, used 20322K [0x00000000d6600000, 0x00000000d8be0000, 0x00000000f2200000)
  object space 38784K, 52% used [0x00000000d6600000,0x00000000d79d8820,0x00000000d8be0000)
 PSPermGen       total 73280K, used 41286K [0x00000000cc000000, 0x00000000d0790000, 0x00000000d6600000)
  object space 73280K, 56% used [0x00000000cc000000,0x00000000ce8518c8,0x00000000d0790000)
Event: 190.259 GC heap after
Heap after GC invocations=10 (full 1):
 PSYoungGen      total 107776K, used 8256K [0x00000000f2200000, 0x00000000fa8c0000, 0x0000000100000000)
  eden space 99456K, 0% used [0x00000000f2200000,0x00000000f2200000,0x00000000f8320000)
  from space 8320K, 99% used [0x00000000f9ac0000,0x00000000fa2d0388,0x00000000fa2e0000)
  to   space 6016K, 0% used [0x00000000fa2e0000,0x00000000fa2e0000,0x00000000fa8c0000)
 ParOldGen       total 38784K, used 20330K [0x00000000d6600000, 0x00000000d8be0000, 0x00000000f2200000)
  object space 38784K, 52% used [0x00000000d6600000,0x00000000d79da820,0x00000000d8be0000)
 PSPermGen       total 73280K, used 41286K [0x00000000cc000000, 0x00000000d0790000, 0x00000000d6600000)
  object space 73280K, 56% used [0x00000000cc000000,0x00000000ce8518c8,0x00000000d0790000)
}
Event: 478.022 GC heap before
{Heap before GC invocations=11 (full 1):
 PSYoungGen      total 107776K, used 107634K [0x00000000f2200000, 0x00000000fa8c0000, 0x0000000100000000)
  eden space 99456K, 99% used [0x00000000f2200000,0x00000000f830c788,0x00000000f8320000)
  from space 8320K, 99% used [0x00000000f9ac0000,0x00000000fa2d0388,0x00000000fa2e0000)
  to   space 6016K, 0% used [0x00000000fa2e0000,0x00000000fa2e0000,0x00000000fa8c0000)
 ParOldGen       total 38784K, used 20330K [0x00000000d6600000, 0x00000000d8be0000, 0x00000000f2200000)
  object space 38784K, 52% used [0x00000000d6600000,0x00000000d79da820,0x00000000d8be0000)
 PSPermGen       total 73280K, used 41383K [0x00000000cc000000, 0x00000000d0790000, 0x00000000d6600000)
  object space 73280K, 56% used [0x00000000cc000000,0x00000000ce869e08,0x00000000d0790000)
Event: 478.044 GC heap after
Heap after GC invocations=11 (full 1):
 PSYoungGen      total 116928K, used 4528K [0x00000000f2200000, 0x00000000fa750000, 0x0000000100000000)
  eden space 112384K, 0% used [0x00000000f2200000,0x00000000f2200000,0x00000000f8fc0000)
  from space 4544K, 99% used [0x00000000fa2e0000,0x00000000fa74c0b0,0x00000000fa750000)
  to   space 9408K, 0% used [0x00000000f94f0000,0x00000000f94f0000,0x00000000f9e20000)
 ParOldGen       total 38784K, used 20338K [0x00000000d6600000, 0x00000000d8be0000, 0x00000000f2200000)
  object space 38784K, 52% used [0x00000000d6600000,0x00000000d79dc820,0x00000000d8be0000)
 PSPermGen       total 73280K, used 41383K [0x00000000cc000000, 0x00000000d0790000, 0x00000000d6600000)
  object space 73280K, 56% used [0x00000000cc000000,0x00000000ce869e08,0x00000000d0790000)
}
Event: 727.036 GC heap before
{Heap before GC invocations=12 (full 1):
 PSYoungGen      total 116928K, used 116912K [0x00000000f2200000, 0x00000000fa750000, 0x0000000100000000)
  eden space 112384K, 100% used [0x00000000f2200000,0x00000000f8fc0000,0x00000000f8fc0000)
  from space 4544K, 99% used [0x00000000fa2e0000,0x00000000fa74c0b0,0x00000000fa750000)
  to   space 9408K, 0% used [0x00000000f94f0000,0x00000000f94f0000,0x00000000f9e20000)
 ParOldGen       total 38784K, used 20338K [0x00000000d6600000, 0x00000000d8be0000, 0x00000000f2200000)
  object space 38784K, 52% used [0x00000000d6600000,0x00000000d79dc820,0x00000000d8be0000)
 PSPermGen       total 73280K, used 41551K [0x00000000cc000000, 0x00000000d0790000, 0x00000000d6600000)
  object space 73280K, 56% used [0x00000000cc000000,0x00000000ce893f60,0x00000000d0790000)
Event: 727.061 GC heap after
Heap after GC invocations=12 (full 1):
 PSYoungGen      total 127104K, used 8591K [0x00000000f2200000, 0x00000000faf20000, 0x0000000100000000)
  eden space 117696K, 0% used [0x00000000f2200000,0x00000000f2200000,0x00000000f94f0000)
  from space 9408K, 91% used [0x00000000f94f0000,0x00000000f9d53c90,0x00000000f9e20000)
  to   space 10240K, 0% used [0x00000000fa520000,0x00000000fa520000,0x00000000faf20000)
 ParOldGen       total 38784K, used 20346K [0x00000000d6600000, 0x00000000d8be0000, 0x00000000f2200000)
  object space 38784K, 52% used [0x00000000d6600000,0x00000000d79de820,0x00000000d8be0000)
 PSPermGen       total 73280K, used 41551K [0x00000000cc000000, 0x00000000d0790000, 0x00000000d6600000)
  object space 73280K, 56% used [0x00000000cc000000,0x00000000ce893f60,0x00000000d0790000)
}
Event: 953.991 GC heap before
{Heap before GC invocations=13 (full 1):
 PSYoungGen      total 127104K, used 126287K [0x00000000f2200000, 0x00000000faf20000, 0x0000000100000000)
  eden space 117696K, 100% used [0x00000000f2200000,0x00000000f94f0000,0x00000000f94f0000)
  from space 9408K, 91% used [0x00000000f94f0000,0x00000000f9d53c90,0x00000000f9e20000)
  to   space 10240K, 0% used [0x00000000fa520000,0x00000000fa520000,0x00000000faf20000)
 ParOldGen       total 38784K, used 20346K [0x00000000d6600000, 0x00000000d8be0000, 0x00000000f2200000)
  object space 38784K, 52% used [0x00000000d6600000,0x00000000d79de820,0x00000000d8be0000)
 PSPermGen       total 73280K, used 42986K [0x00000000cc000000, 0x00000000d0790000, 0x00000000d6600000)
  object space 73280K, 58% used [0x00000000cc000000,0x00000000ce9fabc0,0x00000000d0790000)
Event: 954.029 GC heap after
Heap after GC invocations=13 (full 1):
 PSYoungGen      total 122688K, used 10235K [0x00000000f2200000, 0x00000000faf20000, 0x0000000100000000)
  eden space 112448K, 0% used [0x00000000f2200000,0x00000000f2200000,0x00000000f8fd0000)
  from space 10240K, 99% used [0x00000000fa520000,0x00000000faf1ef30,0x00000000faf20000)
  to   space 12160K, 0% used [0x00000000f9760000,0x00000000f9760000,0x00000000fa340000)
 ParOldGen       total 38784K, used 22059K [0x00000000d6600000, 0x00000000d8be0000, 0x00000000f2200000)
  object space 38784K, 56% used [0x00000000d6600000,0x00000000d7b8ae00,0x00000000d8be0000)
 PSPermGen       total 73280K, used 42986K [0x00000000cc000000, 0x00000000d0790000, 0x00000000d6600000)
  object space 73280K, 58% used [0x00000000cc000000,0x00000000ce9fabc0,0x00000000d0790000)
}

